0 verbose cli /Users/fever/.nvm/versions/node/v18.20.3/bin/node /Users/fever/.nvm/versions/node/v18.20.3/bin/npm
1 info using npm@10.7.0
2 info using node@v18.20.3
3 silly config:load:file:/Users/fever/.nvm/versions/node/v18.20.3/lib/node_modules/npm/npmrc
4 silly config:load:file:/Users/fever/Desktop/VibeProjects/fever-zone-shadow/reservations/.npmrc
5 silly config:load:file:/Users/fever/.npmrc
6 silly config:load:file:/Users/fever/.nvm/versions/node/v18.20.3/etc/npmrc
7 verbose title npm install
8 verbose argv "install"
9 verbose logfile logs-max:10 dir:/Users/fever/Desktop/VibeProjects/fever-zone-shadow/reservations/.npm-cache/_logs/2026-01-19T09_09_48_143Z-
10 verbose logfile /Users/fever/Desktop/VibeProjects/fever-zone-shadow/reservations/.npm-cache/_logs/2026-01-19T09_09_48_143Z-debug-0.log
11 silly logfile done cleaning log files
12 silly idealTree buildDeps
13 silly fetch manifest @playwright/test@^1.41.2
14 http fetch GET 200 https://registry.npmjs.org/@playwright%2ftest 284ms (cache miss)
15 silly placeDep ROOT @playwright/test@1.57.0 OK for: reservations@0.1.0 want: ^1.41.2
16 silly fetch manifest playwright@1.57.0
17 http fetch GET 200 https://registry.npmjs.org/playwright 293ms (cache miss)
18 silly placeDep ROOT playwright@1.57.0 OK for: @playwright/test@1.57.0 want: 1.57.0
19 silly fetch manifest playwright-core@1.57.0
20 silly fetch manifest fsevents@2.3.2
21 http fetch GET 200 https://registry.npmjs.org/fsevents 206ms (cache miss)
22 http fetch GET 200 https://registry.npmjs.org/playwright-core 309ms (cache miss)
23 silly placeDep node_modules/playwright fsevents@2.3.2 OK for: playwright@1.57.0 want: 2.3.2
24 silly placeDep ROOT playwright-core@1.57.0 OK for: playwright@1.57.0 want: 1.57.0
25 silly reify moves {}
26 silly audit bulk request {
26 silly audit   '@alloc/quick-lru': [ '5.2.0' ],
26 silly audit   '@emnapi/core': [ '1.8.1' ],
26 silly audit   '@emnapi/runtime': [ '1.8.1' ],
26 silly audit   '@emnapi/wasi-threads': [ '1.1.0' ],
26 silly audit   '@esbuild/aix-ppc64': [ '0.27.2' ],
26 silly audit   '@esbuild/android-arm': [ '0.27.2' ],
26 silly audit   '@esbuild/android-arm64': [ '0.27.2' ],
26 silly audit   '@esbuild/android-x64': [ '0.27.2' ],
26 silly audit   '@esbuild/darwin-arm64': [ '0.27.2' ],
26 silly audit   '@esbuild/darwin-x64': [ '0.27.2' ],
26 silly audit   '@esbuild/freebsd-arm64': [ '0.27.2' ],
26 silly audit   '@esbuild/freebsd-x64': [ '0.27.2' ],
26 silly audit   '@esbuild/linux-arm': [ '0.27.2' ],
26 silly audit   '@esbuild/linux-arm64': [ '0.27.2' ],
26 silly audit   '@esbuild/linux-ia32': [ '0.27.2' ],
26 silly audit   '@esbuild/linux-loong64': [ '0.27.2' ],
26 silly audit   '@esbuild/linux-mips64el': [ '0.27.2' ],
26 silly audit   '@esbuild/linux-ppc64': [ '0.27.2' ],
26 silly audit   '@esbuild/linux-riscv64': [ '0.27.2' ],
26 silly audit   '@esbuild/linux-s390x': [ '0.27.2' ],
26 silly audit   '@esbuild/linux-x64': [ '0.27.2' ],
26 silly audit   '@esbuild/netbsd-arm64': [ '0.27.2' ],
26 silly audit   '@esbuild/netbsd-x64': [ '0.27.2' ],
26 silly audit   '@esbuild/openbsd-arm64': [ '0.27.2' ],
26 silly audit   '@esbuild/openbsd-x64': [ '0.27.2' ],
26 silly audit   '@esbuild/openharmony-arm64': [ '0.27.2' ],
26 silly audit   '@esbuild/sunos-x64': [ '0.27.2' ],
26 silly audit   '@esbuild/win32-arm64': [ '0.27.2' ],
26 silly audit   '@esbuild/win32-ia32': [ '0.27.2' ],
26 silly audit   '@esbuild/win32-x64': [ '0.27.2' ],
26 silly audit   '@eslint-community/eslint-utils': [ '4.9.1' ],
26 silly audit   '@eslint-community/regexpp': [ '4.12.2' ],
26 silly audit   '@eslint/eslintrc': [ '2.1.4' ],
26 silly audit   '@eslint/js': [ '8.57.1' ],
26 silly audit   '@humanwhocodes/config-array': [ '0.13.0' ],
26 silly audit   '@humanwhocodes/module-importer': [ '1.0.1' ],
26 silly audit   '@humanwhocodes/object-schema': [ '2.0.3' ],
26 silly audit   '@isaacs/cliui': [ '8.0.2' ],
26 silly audit   'ansi-regex': [ '6.2.2', '5.0.1' ],
26 silly audit   'strip-ansi': [ '7.1.2', '6.0.1' ],
26 silly audit   '@jridgewell/gen-mapping': [ '0.3.13' ],
26 silly audit   '@jridgewell/resolve-uri': [ '3.1.2' ],
26 silly audit   '@jridgewell/sourcemap-codec': [ '1.5.5' ],
26 silly audit   '@jridgewell/trace-mapping': [ '0.3.31' ],
26 silly audit   '@napi-rs/wasm-runtime': [ '0.2.12' ],
26 silly audit   '@next/env': [ '14.2.35' ],
26 silly audit   '@next/eslint-plugin-next': [ '14.2.35' ],
26 silly audit   '@next/swc-darwin-arm64': [ '14.2.33' ],
26 silly audit   '@next/swc-darwin-x64': [ '14.2.33' ],
26 silly audit   '@next/swc-linux-arm64-gnu': [ '14.2.33' ],
26 silly audit   '@next/swc-linux-arm64-musl': [ '14.2.33' ],
26 silly audit   '@next/swc-linux-x64-gnu': [ '14.2.33' ],
26 silly audit   '@next/swc-linux-x64-musl': [ '14.2.33' ],
26 silly audit   '@next/swc-win32-arm64-msvc': [ '14.2.33' ],
26 silly audit   '@next/swc-win32-ia32-msvc': [ '14.2.33' ],
26 silly audit   '@next/swc-win32-x64-msvc': [ '14.2.33' ],
26 silly audit   '@nodelib/fs.scandir': [ '2.1.5' ],
26 silly audit   '@nodelib/fs.stat': [ '2.0.5' ],
26 silly audit   '@nodelib/fs.walk': [ '1.2.8' ],
26 silly audit   '@nolyfill/is-core-module': [ '1.0.39' ],
26 silly audit   '@pkgjs/parseargs': [ '0.11.0' ],
26 silly audit   '@rtsao/scc': [ '1.1.0' ],
26 silly audit   '@rushstack/eslint-patch': [ '1.15.0' ],
26 silly audit   '@swc/counter': [ '0.1.3' ],
26 silly audit   '@swc/helpers': [ '0.5.5' ],
26 silly audit   '@tybys/wasm-util': [ '0.10.1' ],
26 silly audit   '@types/json5': [ '0.0.29' ],
26 silly audit   '@types/node': [ '20.19.30' ],
26 silly audit   '@types/prop-types': [ '15.7.15' ],
26 silly audit   '@types/react': [ '18.3.27' ],
26 silly audit   '@types/react-dom': [ '18.3.7' ],
26 silly audit   '@typescript-eslint/eslint-plugin': [ '8.53.0' ],
26 silly audit   ignore: [ '7.0.5', '5.3.2' ],
26 silly audit   '@typescript-eslint/parser': [ '8.53.0' ],
26 silly audit   '@typescript-eslint/project-service': [ '8.53.0' ],
26 silly audit   '@typescript-eslint/scope-manager': [ '8.53.0' ],
26 silly audit   '@typescript-eslint/tsconfig-utils': [ '8.53.0' ],
26 silly audit   '@typescript-eslint/type-utils': [ '8.53.0' ],
26 silly audit   '@typescript-eslint/types': [ '8.53.0' ],
26 silly audit   '@typescript-eslint/typescript-estree': [ '8.53.0' ],
26 silly audit   'brace-expansion': [ '2.0.2', '1.1.12' ],
26 silly audit   minimatch: [ '9.0.5', '3.1.2' ],
26 silly audit   '@typescript-eslint/utils': [ '8.53.0' ],
26 silly audit   '@typescript-eslint/visitor-keys': [ '8.53.0' ],
26 silly audit   'eslint-visitor-keys': [ '4.2.1', '3.4.3' ],
26 silly audit   '@ungap/structured-clone': [ '1.3.0' ],
26 silly audit   '@unrs/resolver-binding-android-arm-eabi': [ '1.11.1' ],
26 silly audit   '@unrs/resolver-binding-android-arm64': [ '1.11.1' ],
26 silly audit   '@unrs/resolver-binding-darwin-arm64': [ '1.11.1' ],
26 silly audit   '@unrs/resolver-binding-darwin-x64': [ '1.11.1' ],
26 silly audit   '@unrs/resolver-binding-freebsd-x64': [ '1.11.1' ],
26 silly audit   '@unrs/resolver-binding-linux-arm-gnueabihf': [ '1.11.1' ],
26 silly audit   '@unrs/resolver-binding-linux-arm-musleabihf': [ '1.11.1' ],
26 silly audit   '@unrs/resolver-binding-linux-arm64-gnu': [ '1.11.1' ],
26 silly audit   '@unrs/resolver-binding-linux-arm64-musl': [ '1.11.1' ],
26 silly audit   '@unrs/resolver-binding-linux-ppc64-gnu': [ '1.11.1' ],
26 silly audit   '@unrs/resolver-binding-linux-riscv64-gnu': [ '1.11.1' ],
26 silly audit   '@unrs/resolver-binding-linux-riscv64-musl': [ '1.11.1' ],
26 silly audit   '@unrs/resolver-binding-linux-s390x-gnu': [ '1.11.1' ],
26 silly audit   '@unrs/resolver-binding-linux-x64-gnu': [ '1.11.1' ],
26 silly audit   '@unrs/resolver-binding-linux-x64-musl': [ '1.11.1' ],
26 silly audit   '@unrs/resolver-binding-wasm32-wasi': [ '1.11.1' ],
26 silly audit   '@unrs/resolver-binding-win32-arm64-msvc': [ '1.11.1' ],
26 silly audit   '@unrs/resolver-binding-win32-ia32-msvc': [ '1.11.1' ],
26 silly audit   '@unrs/resolver-binding-win32-x64-msvc': [ '1.11.1' ],
26 silly audit   acorn: [ '8.15.0' ],
26 silly audit   'acorn-jsx': [ '5.3.2' ],
26 silly audit   ajv: [ '6.12.6' ],
26 silly audit   'ansi-styles': [ '4.3.0', '6.2.3' ],
26 silly audit   'any-promise': [ '1.3.0' ],
26 silly audit   anymatch: [ '3.1.3' ],
26 silly audit   arg: [ '5.0.2' ],
26 silly audit   argparse: [ '2.0.1' ],
26 silly audit   'aria-query': [ '5.3.2' ],
26 silly audit   'array-buffer-byte-length': [ '1.0.2' ],
26 silly audit   'array-includes': [ '3.1.9' ],
26 silly audit   'array.prototype.findlast': [ '1.2.5' ],
26 silly audit   'array.prototype.findlastindex': [ '1.2.6' ],
26 silly audit   'array.prototype.flat': [ '1.3.3' ],
26 silly audit   'array.prototype.flatmap': [ '1.3.3' ],
26 silly audit   'array.prototype.tosorted': [ '1.1.4' ],
26 silly audit   'arraybuffer.prototype.slice': [ '1.0.4' ],
26 silly audit   'ast-types-flow': [ '0.0.8' ],
26 silly audit   'async-function': [ '1.0.0' ],
26 silly audit   autoprefixer: [ '10.4.23' ],
26 silly audit   'available-typed-arrays': [ '1.0.7' ],
26 silly audit   'axe-core': [ '4.11.1' ],
26 silly audit   'axobject-query': [ '4.1.0' ],
26 silly audit   'balanced-match': [ '1.0.2' ],
26 silly audit   'baseline-browser-mapping': [ '2.9.15' ],
26 silly audit   'binary-extensions': [ '2.3.0' ],
26 silly audit   braces: [ '3.0.3' ],
26 silly audit   browserslist: [ '4.28.1' ],
26 silly audit   busboy: [ '1.6.0' ],
26 silly audit   'call-bind': [ '1.0.8' ],
26 silly audit   'call-bind-apply-helpers': [ '1.0.2' ],
26 silly audit   'call-bound': [ '1.0.4' ],
26 silly audit   callsites: [ '3.1.0' ],
26 silly audit   'camelcase-css': [ '2.0.1' ],
26 silly audit   'caniuse-lite': [ '1.0.30001764' ],
26 silly audit   chalk: [ '4.1.2' ],
26 silly audit   chokidar: [ '3.6.0' ],
26 silly audit   'glob-parent': [ '5.1.2', '6.0.2' ],
26 silly audit   'client-only': [ '0.0.1' ],
26 silly audit   'color-convert': [ '2.0.1' ],
26 silly audit   'color-name': [ '1.1.4' ],
26 silly audit   commander: [ '4.1.1' ],
26 silly audit   'concat-map': [ '0.0.1' ],
26 silly audit   'cross-spawn': [ '7.0.6' ],
26 silly audit   cssesc: [ '3.0.0' ],
26 silly audit   csstype: [ '3.2.3' ],
26 silly audit   'damerau-levenshtein': [ '1.0.8' ],
26 silly audit   'data-view-buffer': [ '1.0.2' ],
26 silly audit   'data-view-byte-length': [ '1.0.2' ],
26 silly audit   'data-view-byte-offset': [ '1.0.1' ],
26 silly audit   debug: [ '4.4.3', '3.2.7' ],
26 silly audit   'deep-is': [ '0.1.4' ],
26 silly audit   'define-data-property': [ '1.1.4' ],
26 silly audit   'define-properties': [ '1.2.1' ],
26 silly audit   didyoumean: [ '1.2.2' ],
26 silly audit   dlv: [ '1.1.3' ],
26 silly audit   doctrine: [ '3.0.0', '2.1.0' ],
26 silly audit   'dunder-proto': [ '1.0.1' ],
26 silly audit   eastasianwidth: [ '0.2.0' ],
26 silly audit   'electron-to-chromium': [ '1.5.267' ],
26 silly audit   'emoji-regex': [ '9.2.2', '8.0.0' ],
26 silly audit   'es-abstract': [ '1.24.1' ],
26 silly audit   'es-define-property': [ '1.0.1' ],
26 silly audit   'es-errors': [ '1.3.0' ],
26 silly audit   'es-iterator-helpers': [ '1.2.2' ],
26 silly audit   'es-object-atoms': [ '1.1.1' ],
26 silly audit   'es-set-tostringtag': [ '2.1.0' ],
26 silly audit   'es-shim-unscopables': [ '1.1.0' ],
26 silly audit   'es-to-primitive': [ '1.3.0' ],
26 silly audit   esbuild: [ '0.27.2' ],
26 silly audit   escalade: [ '3.2.0' ],
26 silly audit   'escape-string-regexp': [ '4.0.0' ],
26 silly audit   eslint: [ '8.57.1' ],
26 silly audit   'eslint-config-next': [ '14.2.35' ],
26 silly audit   'eslint-import-resolver-node': [ '0.3.9' ],
26 silly audit   'eslint-import-resolver-typescript': [ '3.10.1' ],
26 silly audit   'eslint-module-utils': [ '2.12.1' ],
26 silly audit   'eslint-plugin-import': [ '2.32.0' ],
26 silly audit   semver: [ '6.3.1', '7.7.3' ],
26 silly audit   'eslint-plugin-jsx-a11y': [ '6.10.2' ],
26 silly audit   'eslint-plugin-react': [ '7.37.5' ],
26 silly audit   'eslint-plugin-react-hooks': [ '5.0.0-canary-7118f5dd7-20230705' ],
26 silly audit   resolve: [ '2.0.0-next.5', '1.22.11' ],
26 silly audit   'eslint-scope': [ '7.2.2' ],
26 silly audit   espree: [ '9.6.1' ],
26 silly audit   esquery: [ '1.7.0' ],
26 silly audit   esrecurse: [ '4.3.0' ],
26 silly audit   estraverse: [ '5.3.0' ],
26 silly audit   esutils: [ '2.0.3' ],
26 silly audit   'fast-deep-equal': [ '3.1.3' ],
26 silly audit   'fast-glob': [ '3.3.3' ],
26 silly audit   'fast-json-stable-stringify': [ '2.1.0' ],
26 silly audit   'fast-levenshtein': [ '2.0.6' ],
26 silly audit   fastq: [ '1.20.1' ],
26 silly audit   'file-entry-cache': [ '6.0.1' ],
26 silly audit   'fill-range': [ '7.1.1' ],
26 silly audit   'find-up': [ '5.0.0' ],
26 silly audit   'flat-cache': [ '3.2.0' ],
26 silly audit   flatted: [ '3.3.3' ],
26 silly audit   'for-each': [ '0.3.5' ],
26 silly audit   'foreground-child': [ '3.3.1' ],
26 silly audit   'fraction.js': [ '5.3.4' ],
26 silly audit   'fs.realpath': [ '1.0.0' ],
26 silly audit   fsevents: [ '2.3.3', '2.3.2' ],
26 silly audit   'function-bind': [ '1.1.2' ],
26 silly audit   'function.prototype.name': [ '1.1.8' ],
26 silly audit   'functions-have-names': [ '1.2.3' ],
26 silly audit   'generator-function': [ '2.0.1' ],
26 silly audit   'get-intrinsic': [ '1.3.0' ],
26 silly audit   'get-proto': [ '1.0.1' ],
26 silly audit   'get-symbol-description': [ '1.1.0' ],
26 silly audit   'get-tsconfig': [ '4.13.0' ],
26 silly audit   glob: [ '10.3.10', '7.2.3' ],
26 silly audit   globals: [ '13.24.0' ],
26 silly audit   globalthis: [ '1.0.4' ],
26 silly audit   gopd: [ '1.2.0' ],
26 silly audit   'graceful-fs': [ '4.2.11' ],
26 silly audit   graphemer: [ '1.4.0' ],
26 silly audit   'has-bigints': [ '1.1.0' ],
26 silly audit   'has-flag': [ '4.0.0' ],
26 silly audit   'has-property-descriptors': [ '1.0.2' ],
26 silly audit   'has-proto': [ '1.2.0' ],
26 silly audit   'has-symbols': [ '1.1.0' ],
26 silly audit   'has-tostringtag': [ '1.0.2' ],
26 silly audit   hasown: [ '2.0.2' ],
26 silly audit   'import-fresh': [ '3.3.1' ],
26 silly audit   imurmurhash: [ '0.1.4' ],
26 silly audit   inflight: [ '1.0.6' ],
26 silly audit   inherits: [ '2.0.4' ],
26 silly audit   'internal-slot': [ '1.1.0' ],
26 silly audit   'is-array-buffer': [ '3.0.5' ],
26 silly audit   'is-async-function': [ '2.1.1' ],
26 silly audit   'is-bigint': [ '1.1.0' ],
26 silly audit   'is-binary-path': [ '2.1.0' ],
26 silly audit   'is-boolean-object': [ '1.2.2' ],
26 silly audit   'is-bun-module': [ '2.0.0' ],
26 silly audit   'is-callable': [ '1.2.7' ],
26 silly audit   'is-core-module': [ '2.16.1' ],
26 silly audit   'is-data-view': [ '1.0.2' ],
26 silly audit   'is-date-object': [ '1.1.0' ],
26 silly audit   'is-extglob': [ '2.1.1' ],
26 silly audit   'is-finalizationregistry': [ '1.1.1' ],
26 silly audit   'is-fullwidth-code-point': [ '3.0.0' ],
26 silly audit   'is-generator-function': [ '1.1.2' ],
26 silly audit   'is-glob': [ '4.0.3' ],
26 silly audit   'is-map': [ '2.0.3' ],
26 silly audit   'is-negative-zero': [ '2.0.3' ],
26 silly audit   'is-number': [ '7.0.0' ],
26 silly audit   'is-number-object': [ '1.1.1' ],
26 silly audit   'is-path-inside': [ '3.0.3' ],
26 silly audit   'is-regex': [ '1.2.1' ],
26 silly audit   'is-set': [ '2.0.3' ],
26 silly audit   'is-shared-array-buffer': [ '1.0.4' ],
26 silly audit   'is-string': [ '1.1.1' ],
26 silly audit   'is-symbol': [ '1.1.1' ],
26 silly audit   'is-typed-array': [ '1.1.15' ],
26 silly audit   'is-weakmap': [ '2.0.2' ],
26 silly audit   'is-weakref': [ '1.1.1' ],
26 silly audit   'is-weakset': [ '2.0.4' ],
26 silly audit   isarray: [ '2.0.5' ],
26 silly audit   isexe: [ '2.0.0' ],
26 silly audit   'iterator.prototype': [ '1.1.5' ],
26 silly audit   jackspeak: [ '2.3.6' ],
26 silly audit   jiti: [ '1.21.7' ],
26 silly audit   'js-tokens': [ '4.0.0' ],
26 silly audit   'js-yaml': [ '4.1.1' ],
26 silly audit   'json-buffer': [ '3.0.1' ],
26 silly audit   'json-schema-traverse': [ '0.4.1' ],
26 silly audit   'json-stable-stringify-without-jsonify': [ '1.0.1' ],
26 silly audit   json5: [ '1.0.2' ],
26 silly audit   'jsx-ast-utils': [ '3.3.5' ],
26 silly audit   keyv: [ '4.5.4' ],
26 silly audit   'language-subtag-registry': [ '0.3.23' ],
26 silly audit   'language-tags': [ '1.0.9' ],
26 silly audit   levn: [ '0.4.1' ],
26 silly audit   lilconfig: [ '3.1.3' ],
26 silly audit   'lines-and-columns': [ '1.2.4' ],
26 silly audit   'locate-path': [ '6.0.0' ],
26 silly audit   'lodash.merge': [ '4.6.2' ],
26 silly audit   'loose-envify': [ '1.4.0' ],
26 silly audit   'lru-cache': [ '10.4.3' ],
26 silly audit   'math-intrinsics': [ '1.1.0' ],
26 silly audit   merge2: [ '1.4.1' ],
26 silly audit   micromatch: [ '4.0.8' ],
26 silly audit   minimist: [ '1.2.8' ],
26 silly audit   minipass: [ '7.1.2' ],
26 silly audit   ms: [ '2.1.3' ],
26 silly audit   mz: [ '2.7.0' ],
26 silly audit   nanoid: [ '3.3.11' ],
26 silly audit   'napi-postinstall': [ '0.3.4' ],
26 silly audit   'natural-compare': [ '1.4.0' ],
26 silly audit   next: [ '14.2.35' ],
26 silly audit   postcss: [ '8.4.31', '8.5.6' ],
26 silly audit   'node-releases': [ '2.0.27' ],
26 silly audit   'normalize-path': [ '3.0.0' ],
26 silly audit   'object-assign': [ '4.1.1' ],
26 silly audit   'object-hash': [ '3.0.0' ],
26 silly audit   'object-inspect': [ '1.13.4' ],
26 silly audit   'object-keys': [ '1.1.1' ],
26 silly audit   'object.assign': [ '4.1.7' ],
26 silly audit   'object.entries': [ '1.1.9' ],
26 silly audit   'object.fromentries': [ '2.0.8' ],
26 silly audit   'object.groupby': [ '1.0.3' ],
26 silly audit   'object.values': [ '1.2.1' ],
26 silly audit   once: [ '1.4.0' ],
26 silly audit   optionator: [ '0.9.4' ],
26 silly audit   'own-keys': [ '1.0.1' ],
26 silly audit   'p-limit': [ '3.1.0' ],
26 silly audit   'p-locate': [ '5.0.0' ],
26 silly audit   'parent-module': [ '1.0.1' ],
26 silly audit   'path-exists': [ '4.0.0' ],
26 silly audit   'path-is-absolute': [ '1.0.1' ],
26 silly audit   'path-key': [ '3.1.1' ],
26 silly audit   'path-parse': [ '1.0.7' ],
26 silly audit   'path-scurry': [ '1.11.1' ],
26 silly audit   picocolors: [ '1.1.1' ],
26 silly audit   picomatch: [ '2.3.1', '4.0.3' ],
26 silly audit   pify: [ '2.3.0' ],
26 silly audit   pirates: [ '4.0.7' ],
26 silly audit   'possible-typed-array-names': [ '1.1.0' ],
26 silly audit   'postcss-import': [ '15.1.0' ],
26 silly audit   'postcss-js': [ '4.1.0' ],
26 silly audit   'postcss-load-config': [ '6.0.1' ],
26 silly audit   'postcss-nested': [ '6.2.0' ],
26 silly audit   'postcss-selector-parser': [ '6.1.2' ],
26 silly audit   'postcss-value-parser': [ '4.2.0' ],
26 silly audit   'prelude-ls': [ '1.2.1' ],
26 silly audit   'prop-types': [ '15.8.1' ],
26 silly audit   punycode: [ '2.3.1' ],
26 silly audit   'queue-microtask': [ '1.2.3' ],
26 silly audit   react: [ '18.3.1' ],
26 silly audit   'react-dom': [ '18.3.1' ],
26 silly audit   'react-is': [ '16.13.1' ],
26 silly audit   'read-cache': [ '1.0.0' ],
26 silly audit   readdirp: [ '3.6.0' ],
26 silly audit   'reflect.getprototypeof': [ '1.0.10' ],
26 silly audit   'regexp.prototype.flags': [ '1.5.4' ],
26 silly audit   'resolve-from': [ '4.0.0' ],
26 silly audit   'resolve-pkg-maps': [ '1.0.0' ],
26 silly audit   reusify: [ '1.1.0' ],
26 silly audit   rimraf: [ '3.0.2' ],
26 silly audit   'run-parallel': [ '1.2.0' ],
26 silly audit   'safe-array-concat': [ '1.1.3' ],
26 silly audit   'safe-push-apply': [ '1.0.0' ],
26 silly audit   'safe-regex-test': [ '1.1.0' ],
26 silly audit   scheduler: [ '0.23.2' ],
26 silly audit   'set-function-length': [ '1.2.2' ],
26 silly audit   'set-function-name': [ '2.0.2' ],
26 silly audit   'set-proto': [ '1.0.0' ],
26 silly audit   'shebang-command': [ '2.0.0' ],
26 silly audit   'shebang-regex': [ '3.0.0' ],
26 silly audit   'side-channel': [ '1.1.0' ],
26 silly audit   'side-channel-list': [ '1.0.0' ],
26 silly audit   'side-channel-map': [ '1.0.1' ],
26 silly audit   'side-channel-weakmap': [ '1.0.2' ],
26 silly audit   'signal-exit': [ '4.1.0' ],
26 silly audit   'source-map-js': [ '1.2.1' ],
26 silly audit   'stable-hash': [ '0.0.5' ],
26 silly audit   'stop-iteration-iterator': [ '1.1.0' ],
26 silly audit   streamsearch: [ '1.1.0' ],
26 silly audit   'string-width': [ '5.1.2', '4.2.3' ],
26 silly audit   'string.prototype.includes': [ '2.0.1' ],
26 silly audit   'string.prototype.matchall': [ '4.0.12' ],
26 silly audit   'string.prototype.repeat': [ '1.0.0' ],
26 silly audit   'string.prototype.trim': [ '1.2.10' ],
26 silly audit   'string.prototype.trimend': [ '1.0.9' ],
26 silly audit   'string.prototype.trimstart': [ '1.0.8' ],
26 silly audit   'strip-bom': [ '3.0.0' ],
26 silly audit   'strip-json-comments': [ '3.1.1' ],
26 silly audit   'styled-jsx': [ '5.1.1' ],
26 silly audit   sucrase: [ '3.35.1' ],
26 silly audit   'supports-color': [ '7.2.0' ],
26 silly audit   'supports-preserve-symlinks-flag': [ '1.0.0' ],
26 silly audit   tailwindcss: [ '3.4.19' ],
26 silly audit   'text-table': [ '0.2.0' ],
26 silly audit   thenify: [ '3.3.1' ],
26 silly audit   'thenify-all': [ '1.6.0' ],
26 silly audit   tinyglobby: [ '0.2.15' ],
26 silly audit   fdir: [ '6.5.0' ],
26 silly audit   'to-regex-range': [ '5.0.1' ],
26 silly audit   'ts-api-utils': [ '2.4.0' ],
26 silly audit   'ts-interface-checker': [ '0.1.13' ],
26 silly audit   'tsconfig-paths': [ '3.15.0' ],
26 silly audit   tslib: [ '2.8.1' ],
26 silly audit   tsx: [ '4.21.0' ],
26 silly audit   'type-check': [ '0.4.0' ],
26 silly audit   'type-fest': [ '0.20.2' ],
26 silly audit   'typed-array-buffer': [ '1.0.3' ],
26 silly audit   'typed-array-byte-length': [ '1.0.3' ],
26 silly audit   'typed-array-byte-offset': [ '1.0.4' ],
26 silly audit   'typed-array-length': [ '1.0.7' ],
26 silly audit   typescript: [ '5.9.3' ],
26 silly audit   'unbox-primitive': [ '1.1.0' ],
26 silly audit   'undici-types': [ '6.21.0' ],
26 silly audit   'unrs-resolver': [ '1.11.1' ],
26 silly audit   'update-browserslist-db': [ '1.2.3' ],
26 silly audit   'uri-js': [ '4.4.1' ],
26 silly audit   'util-deprecate': [ '1.0.2' ],
26 silly audit   which: [ '2.0.2' ],
26 silly audit   'which-boxed-primitive': [ '1.1.1' ],
26 silly audit   'which-builtin-type': [ '1.2.1' ],
26 silly audit   'which-collection': [ '1.0.2' ],
26 silly audit   'which-typed-array': [ '1.1.20' ],
26 silly audit   'word-wrap': [ '1.2.5' ],
26 silly audit   'wrap-ansi': [ '8.1.0', '7.0.0' ],
26 silly audit   wrappy: [ '1.0.2' ],
26 silly audit   'yocto-queue': [ '0.1.0' ],
26 silly audit   '@playwright/test': [ '1.57.0' ],
26 silly audit   playwright: [ '1.57.0' ],
26 silly audit   'playwright-core': [ '1.57.0' ]
26 silly audit }
27 verbose reify failed optional dependency /Users/fever/Desktop/VibeProjects/fever-zone-shadow/reservations/node_modules/@unrs/resolver-binding-win32-x64-msvc
28 silly reify mark deleted [
28 silly reify   '/Users/fever/Desktop/VibeProjects/fever-zone-shadow/reservations/node_modules/@unrs/resolver-binding-win32-x64-msvc'
28 silly reify ]
29 verbose reify failed optional dependency /Users/fever/Desktop/VibeProjects/fever-zone-shadow/reservations/node_modules/@unrs/resolver-binding-win32-ia32-msvc
30 silly reify mark deleted [
30 silly reify   '/Users/fever/Desktop/VibeProjects/fever-zone-shadow/reservations/node_modules/@unrs/resolver-binding-win32-ia32-msvc'
30 silly reify ]
31 verbose reify failed optional dependency /Users/fever/Desktop/VibeProjects/fever-zone-shadow/reservations/node_modules/@unrs/resolver-binding-win32-arm64-msvc
32 silly reify mark deleted [
32 silly reify   '/Users/fever/Desktop/VibeProjects/fever-zone-shadow/reservations/node_modules/@unrs/resolver-binding-win32-arm64-msvc'
32 silly reify ]
33 verbose reify failed optional dependency /Users/fever/Desktop/VibeProjects/fever-zone-shadow/reservations/node_modules/@unrs/resolver-binding-wasm32-wasi
34 silly reify mark deleted [
34 silly reify   '/Users/fever/Desktop/VibeProjects/fever-zone-shadow/reservations/node_modules/@unrs/resolver-binding-wasm32-wasi'
34 silly reify ]
35 verbose reify failed optional dependency /Users/fever/Desktop/VibeProjects/fever-zone-shadow/reservations/node_modules/@napi-rs/wasm-runtime
36 silly reify mark deleted [
36 silly reify   '/Users/fever/Desktop/VibeProjects/fever-zone-shadow/reservations/node_modules/@napi-rs/wasm-runtime'
36 silly reify ]
37 verbose reify failed optional dependency /Users/fever/Desktop/VibeProjects/fever-zone-shadow/reservations/node_modules/@emnapi/core
38 silly reify mark deleted [
38 silly reify   '/Users/fever/Desktop/VibeProjects/fever-zone-shadow/reservations/node_modules/@emnapi/core'
38 silly reify ]
39 verbose reify failed optional dependency /Users/fever/Desktop/VibeProjects/fever-zone-shadow/reservations/node_modules/@emnapi/runtime
40 silly reify mark deleted [
40 silly reify   '/Users/fever/Desktop/VibeProjects/fever-zone-shadow/reservations/node_modules/@emnapi/runtime'
40 silly reify ]
41 verbose reify failed optional dependency /Users/fever/Desktop/VibeProjects/fever-zone-shadow/reservations/node_modules/@tybys/wasm-util
42 silly reify mark deleted [
42 silly reify   '/Users/fever/Desktop/VibeProjects/fever-zone-shadow/reservations/node_modules/@tybys/wasm-util'
42 silly reify ]
43 verbose reify failed optional dependency /Users/fever/Desktop/VibeProjects/fever-zone-shadow/reservations/node_modules/@emnapi/wasi-threads
44 silly reify mark deleted [
44 silly reify   '/Users/fever/Desktop/VibeProjects/fever-zone-shadow/reservations/node_modules/@emnapi/wasi-threads'
44 silly reify ]
45 verbose reify failed optional dependency /Users/fever/Desktop/VibeProjects/fever-zone-shadow/reservations/node_modules/@unrs/resolver-binding-linux-x64-musl
46 silly reify mark deleted [
46 silly reify   '/Users/fever/Desktop/VibeProjects/fever-zone-shadow/reservations/node_modules/@unrs/resolver-binding-linux-x64-musl'
46 silly reify ]
47 verbose reify failed optional dependency /Users/fever/Desktop/VibeProjects/fever-zone-shadow/reservations/node_modules/@unrs/resolver-binding-linux-x64-gnu
48 silly reify mark deleted [
48 silly reify   '/Users/fever/Desktop/VibeProjects/fever-zone-shadow/reservations/node_modules/@unrs/resolver-binding-linux-x64-gnu'
48 silly reify ]
49 verbose reify failed optional dependency /Users/fever/Desktop/VibeProjects/fever-zone-shadow/reservations/node_modules/@unrs/resolver-binding-linux-s390x-gnu
50 silly reify mark deleted [
50 silly reify   '/Users/fever/Desktop/VibeProjects/fever-zone-shadow/reservations/node_modules/@unrs/resolver-binding-linux-s390x-gnu'
50 silly reify ]
51 verbose reify failed optional dependency /Users/fever/Desktop/VibeProjects/fever-zone-shadow/reservations/node_modules/@unrs/resolver-binding-linux-riscv64-musl
52 silly reify mark deleted [
52 silly reify   '/Users/fever/Desktop/VibeProjects/fever-zone-shadow/reservations/node_modules/@unrs/resolver-binding-linux-riscv64-musl'
52 silly reify ]
53 verbose reify failed optional dependency /Users/fever/Desktop/VibeProjects/fever-zone-shadow/reservations/node_modules/@unrs/resolver-binding-linux-riscv64-gnu
54 silly reify mark deleted [
54 silly reify   '/Users/fever/Desktop/VibeProjects/fever-zone-shadow/reservations/node_modules/@unrs/resolver-binding-linux-riscv64-gnu'
54 silly reify ]
55 verbose reify failed optional dependency /Users/fever/Desktop/VibeProjects/fever-zone-shadow/reservations/node_modules/@unrs/resolver-binding-linux-ppc64-gnu
56 silly reify mark deleted [
56 silly reify   '/Users/fever/Desktop/VibeProjects/fever-zone-shadow/reservations/node_modules/@unrs/resolver-binding-linux-ppc64-gnu'
56 silly reify ]
57 verbose reify failed optional dependency /Users/fever/Desktop/VibeProjects/fever-zone-shadow/reservations/node_modules/@unrs/resolver-binding-linux-arm64-musl
58 silly reify mark deleted [
58 silly reify   '/Users/fever/Desktop/VibeProjects/fever-zone-shadow/reservations/node_modules/@unrs/resolver-binding-linux-arm64-musl'
58 silly reify ]
59 verbose reify failed optional dependency /Users/fever/Desktop/VibeProjects/fever-zone-shadow/reservations/node_modules/@unrs/resolver-binding-linux-arm64-gnu
60 silly reify mark deleted [
60 silly reify   '/Users/fever/Desktop/VibeProjects/fever-zone-shadow/reservations/node_modules/@unrs/resolver-binding-linux-arm64-gnu'
60 silly reify ]
61 verbose reify failed optional dependency /Users/fever/Desktop/VibeProjects/fever-zone-shadow/reservations/node_modules/@unrs/resolver-binding-linux-arm-musleabihf
62 silly reify mark deleted [
62 silly reify   '/Users/fever/Desktop/VibeProjects/fever-zone-shadow/reservations/node_modules/@unrs/resolver-binding-linux-arm-musleabihf'
62 silly reify ]
63 verbose reify failed optional dependency /Users/fever/Desktop/VibeProjects/fever-zone-shadow/reservations/node_modules/@unrs/resolver-binding-linux-arm-gnueabihf
64 silly reify mark deleted [
64 silly reify   '/Users/fever/Desktop/VibeProjects/fever-zone-shadow/reservations/node_modules/@unrs/resolver-binding-linux-arm-gnueabihf'
64 silly reify ]
65 verbose reify failed optional dependency /Users/fever/Desktop/VibeProjects/fever-zone-shadow/reservations/node_modules/@unrs/resolver-binding-freebsd-x64
66 silly reify mark deleted [
66 silly reify   '/Users/fever/Desktop/VibeProjects/fever-zone-shadow/reservations/node_modules/@unrs/resolver-binding-freebsd-x64'
66 silly reify ]
67 verbose reify failed optional dependency /Users/fever/Desktop/VibeProjects/fever-zone-shadow/reservations/node_modules/@unrs/resolver-binding-darwin-x64
68 silly reify mark deleted [
68 silly reify   '/Users/fever/Desktop/VibeProjects/fever-zone-shadow/reservations/node_modules/@unrs/resolver-binding-darwin-x64'
68 silly reify ]
69 verbose reify failed optional dependency /Users/fever/Desktop/VibeProjects/fever-zone-shadow/reservations/node_modules/@unrs/resolver-binding-android-arm64
70 silly reify mark deleted [
70 silly reify   '/Users/fever/Desktop/VibeProjects/fever-zone-shadow/reservations/node_modules/@unrs/resolver-binding-android-arm64'
70 silly reify ]
71 verbose reify failed optional dependency /Users/fever/Desktop/VibeProjects/fever-zone-shadow/reservations/node_modules/@unrs/resolver-binding-android-arm-eabi
72 silly reify mark deleted [
72 silly reify   '/Users/fever/Desktop/VibeProjects/fever-zone-shadow/reservations/node_modules/@unrs/resolver-binding-android-arm-eabi'
72 silly reify ]
73 verbose reify failed optional dependency /Users/fever/Desktop/VibeProjects/fever-zone-shadow/reservations/node_modules/@next/swc-win32-x64-msvc
74 silly reify mark deleted [
74 silly reify   '/Users/fever/Desktop/VibeProjects/fever-zone-shadow/reservations/node_modules/@next/swc-win32-x64-msvc'
74 silly reify ]
75 verbose reify failed optional dependency /Users/fever/Desktop/VibeProjects/fever-zone-shadow/reservations/node_modules/@next/swc-win32-ia32-msvc
76 silly reify mark deleted [
76 silly reify   '/Users/fever/Desktop/VibeProjects/fever-zone-shadow/reservations/node_modules/@next/swc-win32-ia32-msvc'
76 silly reify ]
77 verbose reify failed optional dependency /Users/fever/Desktop/VibeProjects/fever-zone-shadow/reservations/node_modules/@next/swc-win32-arm64-msvc
78 silly reify mark deleted [
78 silly reify   '/Users/fever/Desktop/VibeProjects/fever-zone-shadow/reservations/node_modules/@next/swc-win32-arm64-msvc'
78 silly reify ]
79 verbose reify failed optional dependency /Users/fever/Desktop/VibeProjects/fever-zone-shadow/reservations/node_modules/@next/swc-linux-x64-musl
80 silly reify mark deleted [
80 silly reify   '/Users/fever/Desktop/VibeProjects/fever-zone-shadow/reservations/node_modules/@next/swc-linux-x64-musl'
80 silly reify ]
81 verbose reify failed optional dependency /Users/fever/Desktop/VibeProjects/fever-zone-shadow/reservations/node_modules/@next/swc-linux-x64-gnu
82 silly reify mark deleted [
82 silly reify   '/Users/fever/Desktop/VibeProjects/fever-zone-shadow/reservations/node_modules/@next/swc-linux-x64-gnu'
82 silly reify ]
83 verbose reify failed optional dependency /Users/fever/Desktop/VibeProjects/fever-zone-shadow/reservations/node_modules/@next/swc-linux-arm64-musl
84 silly reify mark deleted [
84 silly reify   '/Users/fever/Desktop/VibeProjects/fever-zone-shadow/reservations/node_modules/@next/swc-linux-arm64-musl'
84 silly reify ]
85 verbose reify failed optional dependency /Users/fever/Desktop/VibeProjects/fever-zone-shadow/reservations/node_modules/@next/swc-linux-arm64-gnu
86 silly reify mark deleted [
86 silly reify   '/Users/fever/Desktop/VibeProjects/fever-zone-shadow/reservations/node_modules/@next/swc-linux-arm64-gnu'
86 silly reify ]
87 verbose reify failed optional dependency /Users/fever/Desktop/VibeProjects/fever-zone-shadow/reservations/node_modules/@next/swc-darwin-x64
88 silly reify mark deleted [
88 silly reify   '/Users/fever/Desktop/VibeProjects/fever-zone-shadow/reservations/node_modules/@next/swc-darwin-x64'
88 silly reify ]
89 verbose reify failed optional dependency /Users/fever/Desktop/VibeProjects/fever-zone-shadow/reservations/node_modules/@esbuild/win32-x64
90 silly reify mark deleted [
90 silly reify   '/Users/fever/Desktop/VibeProjects/fever-zone-shadow/reservations/node_modules/@esbuild/win32-x64'
90 silly reify ]
91 verbose reify failed optional dependency /Users/fever/Desktop/VibeProjects/fever-zone-shadow/reservations/node_modules/@esbuild/win32-ia32
92 silly reify mark deleted [
92 silly reify   '/Users/fever/Desktop/VibeProjects/fever-zone-shadow/reservations/node_modules/@esbuild/win32-ia32'
92 silly reify ]
93 verbose reify failed optional dependency /Users/fever/Desktop/VibeProjects/fever-zone-shadow/reservations/node_modules/@esbuild/win32-arm64
94 silly reify mark deleted [
94 silly reify   '/Users/fever/Desktop/VibeProjects/fever-zone-shadow/reservations/node_modules/@esbuild/win32-arm64'
94 silly reify ]
95 verbose reify failed optional dependency /Users/fever/Desktop/VibeProjects/fever-zone-shadow/reservations/node_modules/@esbuild/sunos-x64
96 silly reify mark deleted [
96 silly reify   '/Users/fever/Desktop/VibeProjects/fever-zone-shadow/reservations/node_modules/@esbuild/sunos-x64'
96 silly reify ]
97 verbose reify failed optional dependency /Users/fever/Desktop/VibeProjects/fever-zone-shadow/reservations/node_modules/@esbuild/openharmony-arm64
98 silly reify mark deleted [
98 silly reify   '/Users/fever/Desktop/VibeProjects/fever-zone-shadow/reservations/node_modules/@esbuild/openharmony-arm64'
98 silly reify ]
99 verbose reify failed optional dependency /Users/fever/Desktop/VibeProjects/fever-zone-shadow/reservations/node_modules/@esbuild/openbsd-x64
100 silly reify mark deleted [
100 silly reify   '/Users/fever/Desktop/VibeProjects/fever-zone-shadow/reservations/node_modules/@esbuild/openbsd-x64'
100 silly reify ]
101 verbose reify failed optional dependency /Users/fever/Desktop/VibeProjects/fever-zone-shadow/reservations/node_modules/@esbuild/openbsd-arm64
102 silly reify mark deleted [
102 silly reify   '/Users/fever/Desktop/VibeProjects/fever-zone-shadow/reservations/node_modules/@esbuild/openbsd-arm64'
102 silly reify ]
103 verbose reify failed optional dependency /Users/fever/Desktop/VibeProjects/fever-zone-shadow/reservations/node_modules/@esbuild/netbsd-x64
104 silly reify mark deleted [
104 silly reify   '/Users/fever/Desktop/VibeProjects/fever-zone-shadow/reservations/node_modules/@esbuild/netbsd-x64'
104 silly reify ]
105 verbose reify failed optional dependency /Users/fever/Desktop/VibeProjects/fever-zone-shadow/reservations/node_modules/@esbuild/netbsd-arm64
106 silly reify mark deleted [
106 silly reify   '/Users/fever/Desktop/VibeProjects/fever-zone-shadow/reservations/node_modules/@esbuild/netbsd-arm64'
106 silly reify ]
107 verbose reify failed optional dependency /Users/fever/Desktop/VibeProjects/fever-zone-shadow/reservations/node_modules/@esbuild/linux-x64
108 silly reify mark deleted [
108 silly reify   '/Users/fever/Desktop/VibeProjects/fever-zone-shadow/reservations/node_modules/@esbuild/linux-x64'
108 silly reify ]
109 verbose reify failed optional dependency /Users/fever/Desktop/VibeProjects/fever-zone-shadow/reservations/node_modules/@esbuild/linux-s390x
110 silly reify mark deleted [
110 silly reify   '/Users/fever/Desktop/VibeProjects/fever-zone-shadow/reservations/node_modules/@esbuild/linux-s390x'
110 silly reify ]
111 verbose reify failed optional dependency /Users/fever/Desktop/VibeProjects/fever-zone-shadow/reservations/node_modules/@esbuild/linux-riscv64
112 silly reify mark deleted [
112 silly reify   '/Users/fever/Desktop/VibeProjects/fever-zone-shadow/reservations/node_modules/@esbuild/linux-riscv64'
112 silly reify ]
113 verbose reify failed optional dependency /Users/fever/Desktop/VibeProjects/fever-zone-shadow/reservations/node_modules/@esbuild/linux-ppc64
114 silly reify mark deleted [
114 silly reify   '/Users/fever/Desktop/VibeProjects/fever-zone-shadow/reservations/node_modules/@esbuild/linux-ppc64'
114 silly reify ]
115 verbose reify failed optional dependency /Users/fever/Desktop/VibeProjects/fever-zone-shadow/reservations/node_modules/@esbuild/linux-mips64el
116 silly reify mark deleted [
116 silly reify   '/Users/fever/Desktop/VibeProjects/fever-zone-shadow/reservations/node_modules/@esbuild/linux-mips64el'
116 silly reify ]
117 verbose reify failed optional dependency /Users/fever/Desktop/VibeProjects/fever-zone-shadow/reservations/node_modules/@esbuild/linux-loong64
118 silly reify mark deleted [
118 silly reify   '/Users/fever/Desktop/VibeProjects/fever-zone-shadow/reservations/node_modules/@esbuild/linux-loong64'
118 silly reify ]
119 verbose reify failed optional dependency /Users/fever/Desktop/VibeProjects/fever-zone-shadow/reservations/node_modules/@esbuild/linux-ia32
120 silly reify mark deleted [
120 silly reify   '/Users/fever/Desktop/VibeProjects/fever-zone-shadow/reservations/node_modules/@esbuild/linux-ia32'
120 silly reify ]
121 verbose reify failed optional dependency /Users/fever/Desktop/VibeProjects/fever-zone-shadow/reservations/node_modules/@esbuild/linux-arm64
122 silly reify mark deleted [
122 silly reify   '/Users/fever/Desktop/VibeProjects/fever-zone-shadow/reservations/node_modules/@esbuild/linux-arm64'
122 silly reify ]
123 verbose reify failed optional dependency /Users/fever/Desktop/VibeProjects/fever-zone-shadow/reservations/node_modules/@esbuild/linux-arm
124 silly reify mark deleted [
124 silly reify   '/Users/fever/Desktop/VibeProjects/fever-zone-shadow/reservations/node_modules/@esbuild/linux-arm'
124 silly reify ]
125 verbose reify failed optional dependency /Users/fever/Desktop/VibeProjects/fever-zone-shadow/reservations/node_modules/@esbuild/freebsd-x64
126 silly reify mark deleted [
126 silly reify   '/Users/fever/Desktop/VibeProjects/fever-zone-shadow/reservations/node_modules/@esbuild/freebsd-x64'
126 silly reify ]
127 verbose reify failed optional dependency /Users/fever/Desktop/VibeProjects/fever-zone-shadow/reservations/node_modules/@esbuild/freebsd-arm64
128 silly reify mark deleted [
128 silly reify   '/Users/fever/Desktop/VibeProjects/fever-zone-shadow/reservations/node_modules/@esbuild/freebsd-arm64'
128 silly reify ]
129 verbose reify failed optional dependency /Users/fever/Desktop/VibeProjects/fever-zone-shadow/reservations/node_modules/@esbuild/darwin-x64
130 silly reify mark deleted [
130 silly reify   '/Users/fever/Desktop/VibeProjects/fever-zone-shadow/reservations/node_modules/@esbuild/darwin-x64'
130 silly reify ]
131 verbose reify failed optional dependency /Users/fever/Desktop/VibeProjects/fever-zone-shadow/reservations/node_modules/@esbuild/android-x64
132 silly reify mark deleted [
132 silly reify   '/Users/fever/Desktop/VibeProjects/fever-zone-shadow/reservations/node_modules/@esbuild/android-x64'
132 silly reify ]
133 verbose reify failed optional dependency /Users/fever/Desktop/VibeProjects/fever-zone-shadow/reservations/node_modules/@esbuild/android-arm64
134 silly reify mark deleted [
134 silly reify   '/Users/fever/Desktop/VibeProjects/fever-zone-shadow/reservations/node_modules/@esbuild/android-arm64'
134 silly reify ]
135 verbose reify failed optional dependency /Users/fever/Desktop/VibeProjects/fever-zone-shadow/reservations/node_modules/@esbuild/android-arm
136 silly reify mark deleted [
136 silly reify   '/Users/fever/Desktop/VibeProjects/fever-zone-shadow/reservations/node_modules/@esbuild/android-arm'
136 silly reify ]
137 verbose reify failed optional dependency /Users/fever/Desktop/VibeProjects/fever-zone-shadow/reservations/node_modules/@esbuild/aix-ppc64
138 silly reify mark deleted [
138 silly reify   '/Users/fever/Desktop/VibeProjects/fever-zone-shadow/reservations/node_modules/@esbuild/aix-ppc64'
138 silly reify ]
139 silly tarball no local data for playwright-core@https://registry.npmjs.org/playwright-core/-/playwright-core-1.57.0.tgz. Extracting by manifest.
140 silly tarball no local data for playwright@https://registry.npmjs.org/playwright/-/playwright-1.57.0.tgz. Extracting by manifest.
141 silly tarball no local data for @playwright/test@https://registry.npmjs.org/@playwright/test/-/test-1.57.0.tgz. Extracting by manifest.
142 silly tarball no local data for @tybys/wasm-util@https://registry.npmjs.org/@tybys/wasm-util/-/wasm-util-0.10.1.tgz. Extracting by manifest.
143 silly tarball no local data for @emnapi/runtime@https://registry.npmjs.org/@emnapi/runtime/-/runtime-1.8.1.tgz. Extracting by manifest.
144 silly tarball no local data for @emnapi/wasi-threads@https://registry.npmjs.org/@emnapi/wasi-threads/-/wasi-threads-1.1.0.tgz. Extracting by manifest.
145 silly tarball no local data for @napi-rs/wasm-runtime@https://registry.npmjs.org/@napi-rs/wasm-runtime/-/wasm-runtime-0.2.12.tgz. Extracting by manifest.
146 silly tarball no local data for fsevents@https://registry.npmjs.org/fsevents/-/fsevents-2.3.2.tgz. Extracting by manifest.
147 silly tarball no local data for @emnapi/core@https://registry.npmjs.org/@emnapi/core/-/core-1.8.1.tgz. Extracting by manifest.
148 http fetch GET 200 https://registry.npmjs.org/fsevents/-/fsevents-2.3.2.tgz 90ms (cache miss)
149 http fetch GET 200 https://registry.npmjs.org/@playwright/test/-/test-1.57.0.tgz 98ms (cache miss)
150 http fetch GET 200 https://registry.npmjs.org/@emnapi/runtime/-/runtime-1.8.1.tgz 121ms (cache miss)
151 http fetch GET 200 https://registry.npmjs.org/@tybys/wasm-util/-/wasm-util-0.10.1.tgz 156ms (cache miss)
152 http fetch GET 200 https://registry.npmjs.org/@emnapi/wasi-threads/-/wasi-threads-1.1.0.tgz 175ms (cache miss)
153 http fetch GET 200 https://registry.npmjs.org/@emnapi/core/-/core-1.8.1.tgz 170ms (cache miss)
154 http fetch POST 200 https://registry.npmjs.org/-/npm/v1/security/advisories/bulk 217ms
155 silly audit report {
155 silly audit report   glob: [
155 silly audit report     {
155 silly audit report       id: 1109842,
155 silly audit report       url: 'https://github.com/advisories/GHSA-5j98-mcp5-4vw2',
155 silly audit report       title: 'glob CLI: Command injection via -c/--cmd executes matches with shell:true',
155 silly audit report       severity: 'high',
155 silly audit report       vulnerable_versions: '>=10.2.0 <10.5.0',
155 silly audit report       cwe: [Array],
155 silly audit report       cvss: [Object]
155 silly audit report     }
155 silly audit report   ]
155 silly audit report }
156 http fetch GET 200 https://registry.npmjs.org/playwright/-/playwright-1.57.0.tgz 225ms (cache miss)
157 http fetch GET 200 https://registry.npmjs.org/playwright-core/-/playwright-core-1.57.0.tgz 227ms (cache miss)
158 http fetch GET 200 https://registry.npmjs.org/glob 28ms (cache miss)
159 http fetch GET 200 https://registry.npmjs.org/@napi-rs/wasm-runtime/-/wasm-runtime-0.2.12.tgz 350ms (cache miss)
160 info run fsevents@2.3.2 install node_modules/playwright/node_modules/fsevents node-gyp rebuild
161 http fetch GET 200 https://registry.npmjs.org/@next%2feslint-plugin-next 118ms (cache miss)
162 http fetch GET 200 https://registry.npmjs.org/eslint-config-next 105ms (cache miss)
163 info run fsevents@2.3.2 install { code: 1, signal: null }
164 verbose reify failed optional dependency /Users/fever/Desktop/VibeProjects/fever-zone-shadow/reservations/node_modules/playwright/node_modules/fsevents
165 silly reify mark deleted [
165 silly reify   '/Users/fever/Desktop/VibeProjects/fever-zone-shadow/reservations/node_modules/playwright/node_modules/fsevents'
165 silly reify ]
166 silly ADD node_modules/playwright-core
167 silly ADD node_modules/playwright
168 silly ADD
169 silly ADD node_modules/@playwright/test
170 silly ADD
171 silly ADD
172 silly ADD
173 silly ADD
174 silly ADD
175 silly ADD
176 silly ADD
177 silly ADD
178 silly ADD
179 silly ADD
180 silly ADD
181 silly ADD
182 silly ADD
183 silly ADD
184 silly ADD
185 silly ADD
186 silly ADD
187 silly ADD
188 silly ADD
189 silly ADD
190 silly ADD
191 silly ADD
192 silly ADD
193 silly ADD
194 silly ADD
195 silly ADD
196 silly ADD
197 silly ADD
198 silly ADD
199 silly ADD
200 silly ADD
201 silly ADD
202 silly ADD
203 silly ADD
204 silly ADD
205 silly ADD
206 silly ADD
207 silly ADD
208 silly ADD
209 silly ADD
210 silly ADD
211 silly ADD
212 silly ADD
213 silly ADD
214 silly ADD
215 silly ADD
216 silly ADD
217 silly ADD
218 silly ADD
219 silly ADD
220 silly ADD
221 silly ADD
222 silly ADD
223 silly ADD
224 silly ADD
225 silly ADD
226 verbose exit 0
227 info ok
